[     481ms] [ERROR] Failed to load resource: the server responded with a status of 404 (Not Found) @ http://localhost:5180/favicon.ico:0
[    7002ms] TypeError: Cannot read properties of undefined (reading 'toLowerCase')
    at signalBadgeClass (http://localhost:5180/src/pages/Screener.tsx:22:20)
    at http://localhost:5180/src/pages/Screener.tsx:185:96
    at Array.map (<anonymous>)
    at Screener (http://localhost:5180/src/pages/Screener.tsx:169:62)
    at renderWithHooks (http://localhost:5180/node_modules/.vite/deps/chunk-SVG7M4VJ.js?v=c6641fe8:11594:26)
    at updateFunctionComponent (http://localhost:5180/node_modules/.vite/deps/chunk-SVG7M4VJ.js?v=c6641fe8:14628:28)
    at beginWork (http://localhost:5180/node_modules/.vite/deps/chunk-SVG7M4VJ.js?v=c6641fe8:15970:22)
    at HTMLUnknownElement.callCallback2 (http://localhost:5180/node_modules/.vite/deps/chunk-SVG7M4VJ.js?v=c6641fe8:3678:22)
    at Object.invokeGuardedCallbackDev (http://localhost:5180/node_modules/.vite/deps/chunk-SVG7M4VJ.js?v=c6641fe8:3703:24)
    at invokeGuardedCallback (http://localhost:5180/node_modules/.vite/deps/chunk-SVG7M4VJ.js?v=c6641fe8:3737:39)
[    7006ms] TypeError: Cannot read properties of undefined (reading 'toLowerCase')
    at signalBadgeClass (http://localhost:5180/src/pages/Screener.tsx:22:20)
    at http://localhost:5180/src/pages/Screener.tsx:185:96
    at Array.map (<anonymous>)
    at Screener (http://localhost:5180/src/pages/Screener.tsx:169:62)
    at renderWithHooks (http://localhost:5180/node_modules/.vite/deps/chunk-SVG7M4VJ.js?v=c6641fe8:11594:26)
    at updateFunctionComponent (http://localhost:5180/node_modules/.vite/deps/chunk-SVG7M4VJ.js?v=c6641fe8:14628:28)
    at beginWork (http://localhost:5180/node_modules/.vite/deps/chunk-SVG7M4VJ.js?v=c6641fe8:15970:22)
    at HTMLUnknownElement.callCallback2 (http://localhost:5180/node_modules/.vite/deps/chunk-SVG7M4VJ.js?v=c6641fe8:3678:22)
    at Object.invokeGuardedCallbackDev (http://localhost:5180/node_modules/.vite/deps/chunk-SVG7M4VJ.js?v=c6641fe8:3703:24)
    at invokeGuardedCallback (http://localhost:5180/node_modules/.vite/deps/chunk-SVG7M4VJ.js?v=c6641fe8:3737:39)
[    7007ms] [ERROR] The above error occurred in the <Screener> component:

    at Screener (http://localhost:5180/src/pages/Screener.tsx:34:27)
    at RenderedRoute (http://localhost:5180/node_modules/.vite/deps/react-router-dom.js?v=c6641fe8:6417:26)
    at Routes (http://localhost:5180/node_modules/.vite/deps/react-router-dom.js?v=c6641fe8:7284:3)
    at div
    at Router (http://localhost:5180/node_modules/.vite/deps/react-router-dom.js?v=c6641fe8:7214:13)
    at BrowserRouter (http://localhost:5180/node_modules/.vite/deps/react-router-dom.js?v=c6641fe8:10439:3)
    at App

Consider adding an error boundary to your tree to customize error handling behavior.
Visit https://reactjs.org/link/error-boundaries to learn more about error boundaries. @ http://localhost:5180/node_modules/.vite/deps/chunk-SVG7M4VJ.js?v=c6641fe8:14077
[    7009ms] TypeError: Cannot read properties of undefined (reading 'toLowerCase')
    at signalBadgeClass (http://localhost:5180/src/pages/Screener.tsx:22:20)
    at http://localhost:5180/src/pages/Screener.tsx:185:96
    at Array.map (<anonymous>)
    at Screener (http://localhost:5180/src/pages/Screener.tsx:169:62)
    at renderWithHooks (http://localhost:5180/node_modules/.vite/deps/chunk-SVG7M4VJ.js?v=c6641fe8:11594:26)
    at updateFunctionComponent (http://localhost:5180/node_modules/.vite/deps/chunk-SVG7M4VJ.js?v=c6641fe8:14628:28)
    at beginWork (http://localhost:5180/node_modules/.vite/deps/chunk-SVG7M4VJ.js?v=c6641fe8:15970:22)
    at beginWork$1 (http://localhost:5180/node_modules/.vite/deps/chunk-SVG7M4VJ.js?v=c6641fe8:19804:22)
    at performUnitOfWork (http://localhost:5180/node_modules/.vite/deps/chunk-SVG7M4VJ.js?v=c6641fe8:19249:20)
    at workLoopSync (http://localhost:5180/node_modules/.vite/deps/chunk-SVG7M4VJ.js?v=c6641fe8:19188:13)
